  [1m[35m (136.0ms)[0m  [1m[35mCREATE DATABASE "reddit_development" ENCODING = 'unicode'[0m
  ↳ bin/rails:9
  [1m[35m (75.6ms)[0m  [1m[35mCREATE DATABASE "reddit_test" ENCODING = 'unicode'[0m
  ↳ bin/rails:9
  [1m[35m (5.0ms)[0m  [1m[35mCREATE TABLE "schema_migrations" ("version" character varying NOT NULL PRIMARY KEY)[0m
  ↳ bin/rails:9
  [1m[35m (4.3ms)[0m  [1m[35mCREATE TABLE "ar_internal_metadata" ("key" character varying NOT NULL PRIMARY KEY, "value" character varying, "created_at" timestamp NOT NULL, "updated_at" timestamp NOT NULL)[0m
  ↳ bin/rails:9
  [1m[35m (0.3ms)[0m  [1m[34mSELECT pg_try_advisory_lock(6223636644477694260)[0m
  ↳ bin/rails:9
  [1m[35m (0.5ms)[0m  [1m[34mSELECT "schema_migrations"."version" FROM "schema_migrations" ORDER BY "schema_migrations"."version" ASC[0m
  ↳ bin/rails:9
Migrating to CreateUsers (20210412151701)
  [1m[35m (0.1ms)[0m  [1m[35mBEGIN[0m
  ↳ bin/rails:9
  [1m[35m (4.1ms)[0m  [1m[35mCREATE TABLE "users" ("id" bigserial primary key, "username" character varying NOT NULL, "session_token" character varying NOT NULL, "password_digest" character varying NOT NULL)[0m
  ↳ db/migrate/20210412151701_create_users.rb:3
  [1m[35m (1.1ms)[0m  [1m[35mCREATE  INDEX  "index_users_on_username" ON "users"  ("username")[0m
  ↳ db/migrate/20210412151701_create_users.rb:10
  [1m[36mActiveRecord::SchemaMigration Create (0.3ms)[0m  [1m[32mINSERT INTO "schema_migrations" ("version") VALUES ($1) RETURNING "version"[0m  [["version", "20210412151701"]]
  ↳ bin/rails:9
  [1m[35m (0.3ms)[0m  [1m[35mCOMMIT[0m
  ↳ bin/rails:9
  [1m[36mActiveRecord::InternalMetadata Load (0.3ms)[0m  [1m[34mSELECT  "ar_internal_metadata".* FROM "ar_internal_metadata" WHERE "ar_internal_metadata"."key" = $1 LIMIT $2[0m  [["key", "environment"], ["LIMIT", 1]]
  ↳ bin/rails:9
  [1m[35m (0.1ms)[0m  [1m[35mBEGIN[0m
  ↳ bin/rails:9
  [1m[36mActiveRecord::InternalMetadata Create (0.4ms)[0m  [1m[32mINSERT INTO "ar_internal_metadata" ("key", "value", "created_at", "updated_at") VALUES ($1, $2, $3, $4) RETURNING "key"[0m  [["key", "environment"], ["value", "development"], ["created_at", "2021-04-12 15:20:33.842677"], ["updated_at", "2021-04-12 15:20:33.842677"]]
  ↳ bin/rails:9
  [1m[35m (0.3ms)[0m  [1m[35mCOMMIT[0m
  ↳ bin/rails:9
  [1m[35m (0.2ms)[0m  [1m[34mSELECT pg_advisory_unlock(6223636644477694260)[0m
  ↳ bin/rails:9
  [1m[35m (0.2ms)[0m  [1m[34mSELECT "schema_migrations"."version" FROM "schema_migrations" ORDER BY "schema_migrations"."version" ASC[0m
  ↳ bin/rails:9
  [1m[35m (0.2ms)[0m  [1m[34mSELECT pg_try_advisory_lock(6223636644477694260)[0m
  ↳ bin/rails:9
  [1m[35m (0.8ms)[0m  [1m[34mSELECT "schema_migrations"."version" FROM "schema_migrations" ORDER BY "schema_migrations"."version" ASC[0m
  ↳ bin/rails:9
Migrating to CreateSub (20210412165035)
  [1m[35m (0.1ms)[0m  [1m[35mBEGIN[0m
  ↳ bin/rails:9
  [1m[35m (10.7ms)[0m  [1m[35mCREATE TABLE "subs" ("id" bigserial primary key, "title" character varying NOT NULL, "description" character varying NOT NULL, "moderator_id" integer NOT NULL, "created_at" timestamp NOT NULL, "updated_at" timestamp NOT NULL)[0m
  ↳ db/migrate/20210412165035_create_sub.rb:3
  [1m[35m (1.0ms)[0m  [1m[35mCREATE  INDEX  "index_subs_on_title" ON "subs"  ("title")[0m
  ↳ db/migrate/20210412165035_create_sub.rb:10
  [1m[36mActiveRecord::SchemaMigration Create (0.5ms)[0m  [1m[32mINSERT INTO "schema_migrations" ("version") VALUES ($1) RETURNING "version"[0m  [["version", "20210412165035"]]
  ↳ bin/rails:9
  [1m[35m (1.1ms)[0m  [1m[35mCOMMIT[0m
  ↳ bin/rails:9
  [1m[36mActiveRecord::InternalMetadata Load (0.5ms)[0m  [1m[34mSELECT  "ar_internal_metadata".* FROM "ar_internal_metadata" WHERE "ar_internal_metadata"."key" = $1 LIMIT $2[0m  [["key", "environment"], ["LIMIT", 1]]
  ↳ bin/rails:9
  [1m[35m (0.2ms)[0m  [1m[35mBEGIN[0m
  ↳ bin/rails:9
  [1m[35m (0.1ms)[0m  [1m[35mCOMMIT[0m
  ↳ bin/rails:9
  [1m[35m (0.2ms)[0m  [1m[34mSELECT pg_advisory_unlock(6223636644477694260)[0m
  ↳ bin/rails:9
  [1m[35m (0.2ms)[0m  [1m[34mSELECT "schema_migrations"."version" FROM "schema_migrations" ORDER BY "schema_migrations"."version" ASC[0m
  ↳ bin/rails:9
Started GET "/" for ::1 at 2021-04-12 13:48:03 -0400
  [1m[35m (1.4ms)[0m  [1m[34mSELECT "schema_migrations"."version" FROM "schema_migrations" ORDER BY "schema_migrations"."version" ASC[0m
  ↳ /Users/danielezekiel/.rbenv/versions/2.5.1/lib/ruby/gems/2.5.0/gems/activerecord-5.2.5/lib/active_record/log_subscriber.rb:98
Processing by Rails::WelcomeController#index as HTML
  Rendering /Users/danielezekiel/.rbenv/versions/2.5.1/lib/ruby/gems/2.5.0/gems/railties-5.2.5/lib/rails/templates/rails/welcome/index.html.erb
  Rendered /Users/danielezekiel/.rbenv/versions/2.5.1/lib/ruby/gems/2.5.0/gems/railties-5.2.5/lib/rails/templates/rails/welcome/index.html.erb (2.7ms)
Completed 200 OK in 20ms (Views: 10.8ms | ActiveRecord: 0.0ms)


Started GET "/users" for ::1 at 2021-04-12 13:49:08 -0400
Processing by UsersController#index as HTML
  Rendering users/index.html.erb within layouts/application
  Rendered users/index.html.erb within layouts/application (0.3ms)
Completed 200 OK in 366ms (Views: 358.4ms | ActiveRecord: 0.0ms)


Started GET "/users/new" for ::1 at 2021-04-12 13:49:11 -0400
Processing by UsersController#new as HTML
  Rendering users/new.html.erb within layouts/application
  Rendered users/new.html.erb within layouts/application (0.3ms)
Completed 200 OK in 33ms (Views: 21.7ms | ActiveRecord: 6.6ms)


  [1m[35m (0.2ms)[0m  [1m[34mSELECT pg_try_advisory_lock(6223636644477694260)[0m
  ↳ bin/rails:9
  [1m[35m (0.7ms)[0m  [1m[34mSELECT "schema_migrations"."version" FROM "schema_migrations" ORDER BY "schema_migrations"."version" ASC[0m
  ↳ bin/rails:9
Migrating to CreatePosts (20210412180521)
  [1m[35m (0.2ms)[0m  [1m[34mSELECT pg_advisory_unlock(6223636644477694260)[0m
  ↳ bin/rails:9
  [1m[35m (0.2ms)[0m  [1m[34mSELECT pg_try_advisory_lock(6223636644477694260)[0m
  ↳ bin/rails:9
  [1m[35m (0.6ms)[0m  [1m[34mSELECT "schema_migrations"."version" FROM "schema_migrations" ORDER BY "schema_migrations"."version" ASC[0m
  ↳ bin/rails:9
Migrating to CreatePosts (20210412180521)
  [1m[35m (0.1ms)[0m  [1m[34mSELECT pg_advisory_unlock(6223636644477694260)[0m
  ↳ bin/rails:9
  [1m[35m (0.1ms)[0m  [1m[34mSELECT pg_try_advisory_lock(6223636644477694260)[0m
  ↳ bin/rails:9
  [1m[35m (0.6ms)[0m  [1m[34mSELECT "schema_migrations"."version" FROM "schema_migrations" ORDER BY "schema_migrations"."version" ASC[0m
  ↳ bin/rails:9
Migrating to CreatePosts (20210412180521)
  [1m[35m (0.1ms)[0m  [1m[34mSELECT pg_advisory_unlock(6223636644477694260)[0m
  ↳ bin/rails:9
  [1m[35m (0.1ms)[0m  [1m[34mSELECT pg_try_advisory_lock(6223636644477694260)[0m
  ↳ bin/rails:9
  [1m[35m (0.6ms)[0m  [1m[34mSELECT "schema_migrations"."version" FROM "schema_migrations" ORDER BY "schema_migrations"."version" ASC[0m
  ↳ bin/rails:9
Migrating to CreatePosts (20210412180521)
  [1m[35m (0.2ms)[0m  [1m[34mSELECT pg_advisory_unlock(6223636644477694260)[0m
  ↳ bin/rails:9
  [1m[35m (0.1ms)[0m  [1m[34mSELECT pg_try_advisory_lock(6223636644477694260)[0m
  ↳ bin/rails:9
  [1m[35m (0.8ms)[0m  [1m[34mSELECT "schema_migrations"."version" FROM "schema_migrations" ORDER BY "schema_migrations"."version" ASC[0m
  ↳ bin/rails:9
Migrating to CreatePosts (20210412180521)
  [1m[35m (0.2ms)[0m  [1m[34mSELECT pg_advisory_unlock(6223636644477694260)[0m
  ↳ bin/rails:9
  [1m[35m (0.1ms)[0m  [1m[34mSELECT pg_try_advisory_lock(6223636644477694260)[0m
  ↳ bin/rails:9
  [1m[35m (0.6ms)[0m  [1m[34mSELECT "schema_migrations"."version" FROM "schema_migrations" ORDER BY "schema_migrations"."version" ASC[0m
  ↳ bin/rails:9
Migrating to CreatePosts (20210412180521)
  [1m[35m (0.1ms)[0m  [1m[34mSELECT pg_advisory_unlock(6223636644477694260)[0m
  ↳ bin/rails:9
  [1m[35m (0.2ms)[0m  [1m[34mSELECT pg_try_advisory_lock(6223636644477694260)[0m
  ↳ bin/rails:9
  [1m[35m (0.7ms)[0m  [1m[34mSELECT "schema_migrations"."version" FROM "schema_migrations" ORDER BY "schema_migrations"."version" ASC[0m
  ↳ bin/rails:9
Migrating to CreatePosts (20210412180521)
  [1m[35m (0.2ms)[0m  [1m[34mSELECT pg_advisory_unlock(6223636644477694260)[0m
  ↳ bin/rails:9
  [1m[35m (0.2ms)[0m  [1m[34mSELECT pg_try_advisory_lock(6223636644477694260)[0m
  ↳ bin/rails:9
  [1m[35m (0.8ms)[0m  [1m[34mSELECT "schema_migrations"."version" FROM "schema_migrations" ORDER BY "schema_migrations"."version" ASC[0m
  ↳ bin/rails:9
Migrating to CreatePosts (20210412180521)
  [1m[35m (0.2ms)[0m  [1m[34mSELECT pg_advisory_unlock(6223636644477694260)[0m
  ↳ bin/rails:9
  [1m[35m (0.2ms)[0m  [1m[34mSELECT pg_try_advisory_lock(6223636644477694260)[0m
  ↳ bin/rails:9
  [1m[35m (1.0ms)[0m  [1m[34mSELECT "schema_migrations"."version" FROM "schema_migrations" ORDER BY "schema_migrations"."version" ASC[0m
  ↳ bin/rails:9
Migrating to CreatePosts (20210412180521)
  [1m[35m (0.3ms)[0m  [1m[34mSELECT pg_advisory_unlock(6223636644477694260)[0m
  ↳ bin/rails:9
  [1m[35m (0.2ms)[0m  [1m[34mSELECT pg_try_advisory_lock(6223636644477694260)[0m
  ↳ bin/rails:9
  [1m[35m (0.8ms)[0m  [1m[34mSELECT "schema_migrations"."version" FROM "schema_migrations" ORDER BY "schema_migrations"."version" ASC[0m
  ↳ bin/rails:9
Migrating to CreatePosts (20210412180521)
  [1m[35m (0.2ms)[0m  [1m[35mBEGIN[0m
  ↳ bin/rails:9
  [1m[35m (11.3ms)[0m  [1m[35mCREATE TABLE "posts" ("id" bigserial primary key, "title" character varying NOT NULL, "url" character varying, "content" text, "sub_id" integer NOT NULL, "author_id" integer NOT NULL, "created_at" timestamp NOT NULL, "updated_at" timestamp NOT NULL)[0m
  ↳ db/migrate/20210412180521_create_posts.rb:3
  [1m[35m (1.0ms)[0m  [1m[35mCREATE  INDEX  "index_posts_on_title" ON "posts"  ("title")[0m
  ↳ db/migrate/20210412180521_create_posts.rb:12
  [1m[36mActiveRecord::SchemaMigration Create (0.5ms)[0m  [1m[32mINSERT INTO "schema_migrations" ("version") VALUES ($1) RETURNING "version"[0m  [["version", "20210412180521"]]
  ↳ bin/rails:9
  [1m[35m (1.0ms)[0m  [1m[35mCOMMIT[0m
  ↳ bin/rails:9
  [1m[36mActiveRecord::InternalMetadata Load (0.4ms)[0m  [1m[34mSELECT  "ar_internal_metadata".* FROM "ar_internal_metadata" WHERE "ar_internal_metadata"."key" = $1 LIMIT $2[0m  [["key", "environment"], ["LIMIT", 1]]
  ↳ bin/rails:9
  [1m[35m (0.2ms)[0m  [1m[35mBEGIN[0m
  ↳ bin/rails:9
  [1m[35m (0.1ms)[0m  [1m[35mCOMMIT[0m
  ↳ bin/rails:9
  [1m[35m (0.3ms)[0m  [1m[34mSELECT pg_advisory_unlock(6223636644477694260)[0m
  ↳ bin/rails:9
  [1m[35m (0.3ms)[0m  [1m[34mSELECT "schema_migrations"."version" FROM "schema_migrations" ORDER BY "schema_migrations"."version" ASC[0m
  ↳ bin/rails:9
Started GET "/users/new" for ::1 at 2021-04-12 14:23:39 -0400
  [1m[35m (0.9ms)[0m  [1m[34mSELECT "schema_migrations"."version" FROM "schema_migrations" ORDER BY "schema_migrations"."version" ASC[0m
  ↳ /Users/danielezekiel/.rbenv/versions/2.5.1/lib/ruby/gems/2.5.0/gems/activerecord-5.2.5/lib/active_record/log_subscriber.rb:98
Processing by UsersController#new as HTML
  Rendering users/new.html.erb within layouts/application
  Rendered users/new.html.erb within layouts/application (1.8ms)
Completed 200 OK in 208ms (Views: 184.4ms | ActiveRecord: 8.0ms)


  [1m[35m (0.1ms)[0m  [1m[34mSELECT pg_try_advisory_lock(6223636644477694260)[0m
  ↳ bin/rails:9
  [1m[35m (0.6ms)[0m  [1m[34mSELECT "schema_migrations"."version" FROM "schema_migrations" ORDER BY "schema_migrations"."version" ASC[0m
  ↳ bin/rails:9
Migrating to CreateCreateComments (20210412190256)
  [1m[35m (0.1ms)[0m  [1m[35mBEGIN[0m
  ↳ bin/rails:9
  [1m[35m (10.5ms)[0m  [1m[35mCREATE TABLE "create_comments" ("id" bigserial primary key, "content" text NOT NULL, "author_id" integer NOT NULL, "post_id" integer NOT NULL, "created_at" timestamp NOT NULL, "updated_at" timestamp NOT NULL)[0m
  ↳ db/migrate/20210412190256_create_create_comments.rb:3
  [1m[36mActiveRecord::SchemaMigration Create (0.2ms)[0m  [1m[32mINSERT INTO "schema_migrations" ("version") VALUES ($1) RETURNING "version"[0m  [["version", "20210412190256"]]
  ↳ bin/rails:9
  [1m[35m (1.0ms)[0m  [1m[35mCOMMIT[0m
  ↳ bin/rails:9
  [1m[36mActiveRecord::InternalMetadata Load (0.3ms)[0m  [1m[34mSELECT  "ar_internal_metadata".* FROM "ar_internal_metadata" WHERE "ar_internal_metadata"."key" = $1 LIMIT $2[0m  [["key", "environment"], ["LIMIT", 1]]
  ↳ bin/rails:9
  [1m[35m (0.1ms)[0m  [1m[35mBEGIN[0m
  ↳ bin/rails:9
  [1m[35m (0.1ms)[0m  [1m[35mCOMMIT[0m
  ↳ bin/rails:9
  [1m[35m (0.2ms)[0m  [1m[34mSELECT pg_advisory_unlock(6223636644477694260)[0m
  ↳ bin/rails:9
  [1m[35m (0.3ms)[0m  [1m[34mSELECT "schema_migrations"."version" FROM "schema_migrations" ORDER BY "schema_migrations"."version" ASC[0m
  ↳ bin/rails:9
  [1m[35m (0.6ms)[0m  [1m[34mSELECT "schema_migrations"."version" FROM "schema_migrations" ORDER BY "schema_migrations"."version" ASC[0m
  ↳ bin/rails:9
  [1m[35m (0.1ms)[0m  [1m[34mSELECT "schema_migrations"."version" FROM "schema_migrations" ORDER BY "schema_migrations"."version" ASC[0m
  ↳ bin/rails:9
  [1m[35m (0.2ms)[0m  [1m[34mSELECT "schema_migrations"."version" FROM "schema_migrations" ORDER BY "schema_migrations"."version" ASC[0m
  ↳ bin/rails:9
  [1m[35m (0.1ms)[0m  [1m[34mSELECT pg_try_advisory_lock(6223636644477694260)[0m
  ↳ bin/rails:9
  [1m[35m (0.2ms)[0m  [1m[34mSELECT "schema_migrations"."version" FROM "schema_migrations" ORDER BY "schema_migrations"."version" ASC[0m
  ↳ bin/rails:9
Migrating to CreateCreateComments (20210412190256)
  [1m[35m (0.1ms)[0m  [1m[35mBEGIN[0m
  ↳ bin/rails:9
  [1m[35m (8.1ms)[0m  [1m[35mDROP TABLE "create_comments"[0m
  ↳ bin/rails:9
  [1m[36mActiveRecord::SchemaMigration Destroy (0.4ms)[0m  [1m[31mDELETE FROM "schema_migrations" WHERE "schema_migrations"."version" = $1[0m  [["version", "20210412190256"]]
  ↳ bin/rails:9
  [1m[35m (1.7ms)[0m  [1m[35mCOMMIT[0m
  ↳ bin/rails:9
  [1m[35m (0.2ms)[0m  [1m[34mSELECT pg_advisory_unlock(6223636644477694260)[0m
  ↳ bin/rails:9
  [1m[35m (0.2ms)[0m  [1m[34mSELECT "schema_migrations"."version" FROM "schema_migrations" ORDER BY "schema_migrations"."version" ASC[0m
  ↳ bin/rails:9
  [1m[35m (0.1ms)[0m  [1m[34mSELECT pg_try_advisory_lock(6223636644477694260)[0m
  ↳ bin/rails:9
  [1m[35m (0.6ms)[0m  [1m[34mSELECT "schema_migrations"."version" FROM "schema_migrations" ORDER BY "schema_migrations"."version" ASC[0m
  ↳ bin/rails:9
Migrating to CreateCreateComments (20210412190256)
  [1m[35m (0.1ms)[0m  [1m[35mBEGIN[0m
  ↳ bin/rails:9
  [1m[35m (5.1ms)[0m  [1m[35mCREATE TABLE "comments" ("id" bigserial primary key, "content" text NOT NULL, "author_id" integer NOT NULL, "post_id" integer NOT NULL, "created_at" timestamp NOT NULL, "updated_at" timestamp NOT NULL)[0m
  ↳ db/migrate/20210412190256_create_create_comments.rb:3
  [1m[36mActiveRecord::SchemaMigration Create (0.3ms)[0m  [1m[32mINSERT INTO "schema_migrations" ("version") VALUES ($1) RETURNING "version"[0m  [["version", "20210412190256"]]
  ↳ bin/rails:9
  [1m[35m (0.4ms)[0m  [1m[35mCOMMIT[0m
  ↳ bin/rails:9
  [1m[36mActiveRecord::InternalMetadata Load (0.4ms)[0m  [1m[34mSELECT  "ar_internal_metadata".* FROM "ar_internal_metadata" WHERE "ar_internal_metadata"."key" = $1 LIMIT $2[0m  [["key", "environment"], ["LIMIT", 1]]
  ↳ bin/rails:9
  [1m[35m (0.1ms)[0m  [1m[35mBEGIN[0m
  ↳ bin/rails:9
  [1m[35m (0.1ms)[0m  [1m[35mCOMMIT[0m
  ↳ bin/rails:9
  [1m[35m (0.2ms)[0m  [1m[34mSELECT pg_advisory_unlock(6223636644477694260)[0m
  ↳ bin/rails:9
  [1m[35m (0.2ms)[0m  [1m[34mSELECT "schema_migrations"."version" FROM "schema_migrations" ORDER BY "schema_migrations"."version" ASC[0m
  ↳ bin/rails:9
Started GET "/users" for ::1 at 2021-04-12 15:34:09 -0400
  [1m[35m (1.3ms)[0m  [1m[34mSELECT "schema_migrations"."version" FROM "schema_migrations" ORDER BY "schema_migrations"."version" ASC[0m
  ↳ /Users/danielezekiel/.rbenv/versions/2.5.1/lib/ruby/gems/2.5.0/gems/activerecord-5.2.5/lib/active_record/log_subscriber.rb:98
Processing by UsersController#index as HTML
  [1m[36mUser Load (3.9ms)[0m  [1m[34mSELECT  "users".* FROM "users" WHERE "users"."session_token" IS NULL LIMIT $1[0m  [["LIMIT", 1]]
  ↳ app/controllers/application_controller.rb:7
Redirected to http://localhost:3000/session/new
Filter chain halted as :ensure_logged_in! rendered or redirected
Completed 302 Found in 18ms (ActiveRecord: 8.3ms)


Started GET "/session/new" for ::1 at 2021-04-12 15:34:09 -0400
Processing by SessionsController#new as HTML
  Rendering sessions/new.html.erb within layouts/application
  Rendered sessions/new.html.erb within layouts/application (0.2ms)
Completed 200 OK in 301ms (Views: 300.8ms | ActiveRecord: 0.0ms)


Started GET "/users" for ::1 at 2021-04-12 15:34:22 -0400
Processing by UsersController#index as HTML
  [1m[36mUser Load (0.3ms)[0m  [1m[34mSELECT  "users".* FROM "users" WHERE "users"."session_token" IS NULL LIMIT $1[0m  [["LIMIT", 1]]
  ↳ app/controllers/application_controller.rb:7
Redirected to http://localhost:3000/session/new
Filter chain halted as :ensure_logged_in! rendered or redirected
Completed 302 Found in 2ms (ActiveRecord: 0.3ms)


Started GET "/session/new" for ::1 at 2021-04-12 15:34:22 -0400
Processing by SessionsController#new as HTML
  Rendering sessions/new.html.erb within layouts/application
  Rendered sessions/new.html.erb within layouts/application (0.3ms)
Completed 200 OK in 24ms (Views: 23.9ms | ActiveRecord: 0.0ms)


Started GET "/session/new" for ::1 at 2021-04-12 15:34:46 -0400
Processing by SessionsController#new as HTML
  Rendering sessions/new.html.erb within layouts/application
  Rendered sessions/new.html.erb within layouts/application (0.3ms)
Completed 200 OK in 20ms (Views: 19.6ms | ActiveRecord: 0.0ms)


Started GET "/users" for ::1 at 2021-04-12 15:34:54 -0400
Processing by UsersController#index as HTML
  [1m[36mUser Load (0.3ms)[0m  [1m[34mSELECT  "users".* FROM "users" WHERE "users"."session_token" IS NULL LIMIT $1[0m  [["LIMIT", 1]]
  ↳ app/controllers/application_controller.rb:7
Redirected to http://localhost:3000/session/new
Filter chain halted as :ensure_logged_in! rendered or redirected
Completed 302 Found in 2ms (ActiveRecord: 0.3ms)


Started GET "/session/new" for ::1 at 2021-04-12 15:34:54 -0400
Processing by SessionsController#new as HTML
  Rendering sessions/new.html.erb within layouts/application
  Rendered sessions/new.html.erb within layouts/application (0.2ms)
Completed 200 OK in 20ms (Views: 19.3ms | ActiveRecord: 0.0ms)


Started GET "/users" for ::1 at 2021-04-12 15:36:04 -0400
Processing by UsersController#index as */*
  Parameters: {"artwork_share"=>{"viewer_id"=>"6"}}
  [1m[36mUser Load (0.3ms)[0m  [1m[34mSELECT  "users".* FROM "users" WHERE "users"."session_token" IS NULL LIMIT $1[0m  [["LIMIT", 1]]
  ↳ app/controllers/application_controller.rb:7
Redirected to http://localhost:3000/session/new
Filter chain halted as :ensure_logged_in! rendered or redirected
Completed 302 Found in 1ms (ActiveRecord: 0.3ms)


Started GET "/session/new" for ::1 at 2021-04-12 15:36:04 -0400
Processing by SessionsController#new as */*
  Rendering sessions/new.html.erb within layouts/application
  Rendered sessions/new.html.erb within layouts/application (0.2ms)
Completed 200 OK in 56ms (Views: 56.1ms | ActiveRecord: 0.0ms)


Started GET "/users" for ::1 at 2021-04-12 15:37:39 -0400
  [1m[35m (0.9ms)[0m  [1m[34mSELECT "schema_migrations"."version" FROM "schema_migrations" ORDER BY "schema_migrations"."version" ASC[0m
  ↳ /Users/danielezekiel/.rbenv/versions/2.5.1/lib/ruby/gems/2.5.0/gems/activerecord-5.2.5/lib/active_record/log_subscriber.rb:98
Processing by UsersController#index as */*
  Parameters: {"artwork_share"=>{"viewer_id"=>"6"}}
  [1m[36mUser Load (0.4ms)[0m  [1m[34mSELECT  "users".* FROM "users" WHERE "users"."session_token" IS NULL LIMIT $1[0m  [["LIMIT", 1]]
  ↳ app/controllers/application_controller.rb:7
Redirected to http://localhost:3000/session/new
Filter chain halted as :ensure_logged_in! rendered or redirected
Completed 302 Found in 14ms (ActiveRecord: 2.3ms)


Started GET "/session/new" for ::1 at 2021-04-12 15:37:39 -0400
Processing by SessionsController#new as */*
  Rendering sessions/new.html.erb within layouts/application
  Rendered sessions/new.html.erb within layouts/application (0.9ms)
Completed 200 OK in 252ms (Views: 251.7ms | ActiveRecord: 0.0ms)


Started GET "/users" for ::1 at 2021-04-12 15:41:27 -0400
Processing by UsersController#index as */*
  Parameters: {"artwork_share"=>{"viewer_id"=>"6"}}
  [1m[36mUser Load (1.7ms)[0m  [1m[34mSELECT  "users".* FROM "users" WHERE "users"."session_token" IS NULL LIMIT $1[0m  [["LIMIT", 1]]
  ↳ app/controllers/application_controller.rb:7
Redirected to http://localhost:3000/session/new
Filter chain halted as :ensure_logged_in! rendered or redirected
Completed 302 Found in 5ms (ActiveRecord: 1.7ms)


Started GET "/session/new" for ::1 at 2021-04-12 15:41:28 -0400
Processing by SessionsController#new as */*
  Rendering sessions/new.html.erb within layouts/application
  Rendered sessions/new.html.erb within layouts/application (5.8ms)
Completed 200 OK in 88ms (Views: 86.9ms | ActiveRecord: 0.0ms)


  [1m[35m (0.9ms)[0m  [1m[34mSELECT "schema_migrations"."version" FROM "schema_migrations" ORDER BY "schema_migrations"."version" ASC[0m
  ↳ bin/rails:9
  [1m[35m (0.2ms)[0m  [1m[35mBEGIN[0m
  ↳ db/seeds.rb:9
  [1m[36mUser Exists (0.8ms)[0m  [1m[34mSELECT  1 AS one FROM "users" WHERE "users"."username" = $1 LIMIT $2[0m  [["username", "daniel"], ["LIMIT", 1]]
  ↳ db/seeds.rb:9
  [1m[36mUser Exists (0.2ms)[0m  [1m[34mSELECT  1 AS one FROM "users" WHERE "users"."session_token" = $1 LIMIT $2[0m  [["session_token", "0cnLj48NjauOMMMQrqAvM0Zg4UNSN_7KaBi3J3SiIcS-jYe1pxGEyjhUgaOyughVLgBt19u-YbWG7vDfAz5EVg"], ["LIMIT", 1]]
  ↳ db/seeds.rb:9
  [1m[36mUser Create (2.2ms)[0m  [1m[32mINSERT INTO "users" ("username", "session_token", "password_digest") VALUES ($1, $2, $3) RETURNING "id"[0m  [["username", "daniel"], ["session_token", "0cnLj48NjauOMMMQrqAvM0Zg4UNSN_7KaBi3J3SiIcS-jYe1pxGEyjhUgaOyughVLgBt19u-YbWG7vDfAz5EVg"], ["password_digest", "$2a$12$B6UorF/V7MWhbdHrwjEoM.6kyu6vYPLcl6csuTVhwg2pqVuH0UdOW"]]
  ↳ db/seeds.rb:9
  [1m[35m (1.0ms)[0m  [1m[35mCOMMIT[0m
  ↳ db/seeds.rb:9
  [1m[35m (0.2ms)[0m  [1m[35mBEGIN[0m
  ↳ db/seeds.rb:10
  [1m[36mUser Exists (0.4ms)[0m  [1m[34mSELECT  1 AS one FROM "users" WHERE "users"."username" = $1 LIMIT $2[0m  [["username", "wil"], ["LIMIT", 1]]
  ↳ db/seeds.rb:10
  [1m[36mUser Exists (0.4ms)[0m  [1m[34mSELECT  1 AS one FROM "users" WHERE "users"."session_token" = $1 LIMIT $2[0m  [["session_token", "zAUWimrC1MDtEogq12XF6Dv3rZDlP9-7pTC7YuMwPXyHJZrPaEPbhhsCrKDEMdSZl1IlKqxV-XYUQl7t9i1R5w"], ["LIMIT", 1]]
  ↳ db/seeds.rb:10
  [1m[36mUser Create (0.3ms)[0m  [1m[32mINSERT INTO "users" ("username", "session_token", "password_digest") VALUES ($1, $2, $3) RETURNING "id"[0m  [["username", "wil"], ["session_token", "zAUWimrC1MDtEogq12XF6Dv3rZDlP9-7pTC7YuMwPXyHJZrPaEPbhhsCrKDEMdSZl1IlKqxV-XYUQl7t9i1R5w"], ["password_digest", "$2a$12$PY7zjckJGWpVnRvEBYQNNOAPBvwJh2FYr4BJJ1Toir7z/WV2EF5jC"]]
  ↳ db/seeds.rb:10
  [1m[35m (0.7ms)[0m  [1m[35mCOMMIT[0m
  ↳ db/seeds.rb:10
  [1m[35m (0.2ms)[0m  [1m[35mBEGIN[0m
  ↳ db/seeds.rb:11
  [1m[36mUser Exists (0.3ms)[0m  [1m[34mSELECT  1 AS one FROM "users" WHERE "users"."username" = $1 LIMIT $2[0m  [["username", "james"], ["LIMIT", 1]]
  ↳ db/seeds.rb:11
  [1m[36mUser Exists (0.2ms)[0m  [1m[34mSELECT  1 AS one FROM "users" WHERE "users"."session_token" = $1 LIMIT $2[0m  [["session_token", "9ALkINI_n7wUtV1Yqz13X93PX8a_WbDZ5cIVvWvTYvMOOpZRgagrXOGejvvnWgDq_TjWGkWsCipaMXlvG-nKKw"], ["LIMIT", 1]]
  ↳ db/seeds.rb:11
  [1m[36mUser Create (0.3ms)[0m  [1m[32mINSERT INTO "users" ("username", "session_token", "password_digest") VALUES ($1, $2, $3) RETURNING "id"[0m  [["username", "james"], ["session_token", "9ALkINI_n7wUtV1Yqz13X93PX8a_WbDZ5cIVvWvTYvMOOpZRgagrXOGejvvnWgDq_TjWGkWsCipaMXlvG-nKKw"], ["password_digest", "$2a$12$H.6Kqy/LvUVlF4HAt5r96eYAEr39a2vhbfJvwUZKQ.whVnoz0WaIO"]]
  ↳ db/seeds.rb:11
  [1m[35m (0.6ms)[0m  [1m[35mCOMMIT[0m
  ↳ db/seeds.rb:11
  [1m[35m (0.9ms)[0m  [1m[35mBEGIN[0m
  ↳ db/seeds.rb:12
  [1m[36mUser Exists (0.7ms)[0m  [1m[34mSELECT  1 AS one FROM "users" WHERE "users"."username" = $1 LIMIT $2[0m  [["username", "raz"], ["LIMIT", 1]]
  ↳ db/seeds.rb:12
  [1m[36mUser Exists (1.9ms)[0m  [1m[34mSELECT  1 AS one FROM "users" WHERE "users"."session_token" = $1 LIMIT $2[0m  [["session_token", "2UKeJ8goUk5WJjHCh3WesEsB7rBempP8zADxdCFzI9NJwo5RP2ApLqYrMq6VIhqzSRgP8UONYgoPf8sGdD7SSw"], ["LIMIT", 1]]
  ↳ db/seeds.rb:12
  [1m[36mUser Create (1.6ms)[0m  [1m[32mINSERT INTO "users" ("username", "session_token", "password_digest") VALUES ($1, $2, $3) RETURNING "id"[0m  [["username", "raz"], ["session_token", "2UKeJ8goUk5WJjHCh3WesEsB7rBempP8zADxdCFzI9NJwo5RP2ApLqYrMq6VIhqzSRgP8UONYgoPf8sGdD7SSw"], ["password_digest", "$2a$12$P.URxACjCAeLkXWOgYDgYeKYwiI7RkMcOf5SYe.tlKGab9JBoKTWe"]]
  ↳ db/seeds.rb:12
  [1m[35m (0.7ms)[0m  [1m[35mCOMMIT[0m
  ↳ db/seeds.rb:12
Started GET "/users" for ::1 at 2021-04-12 15:44:57 -0400
Processing by UsersController#index as */*
  Parameters: {"artwork_share"=>{"viewer_id"=>"6"}}
  [1m[36mUser Load (1.1ms)[0m  [1m[34mSELECT  "users".* FROM "users" WHERE "users"."session_token" IS NULL LIMIT $1[0m  [["LIMIT", 1]]
  ↳ app/controllers/application_controller.rb:7
Redirected to http://localhost:3000/session/new
Filter chain halted as :ensure_logged_in! rendered or redirected
Completed 302 Found in 3ms (ActiveRecord: 1.1ms)


Started GET "/session/new" for ::1 at 2021-04-12 15:44:57 -0400
Processing by SessionsController#new as */*
  Rendering sessions/new.html.erb within layouts/application
  Rendered sessions/new.html.erb within layouts/application (0.7ms)
Completed 200 OK in 108ms (Views: 107.2ms | ActiveRecord: 0.0ms)


Started GET "/users" for ::1 at 2021-04-12 15:45:54 -0400
  [1m[35m (0.8ms)[0m  [1m[34mSELECT "schema_migrations"."version" FROM "schema_migrations" ORDER BY "schema_migrations"."version" ASC[0m
  ↳ /Users/danielezekiel/.rbenv/versions/2.5.1/lib/ruby/gems/2.5.0/gems/activerecord-5.2.5/lib/active_record/log_subscriber.rb:98
Processing by UsersController#index as */*
  Parameters: {"artwork_share"=>{"viewer_id"=>"6"}}
  [1m[36mUser Load (0.6ms)[0m  [1m[34mSELECT  "users".* FROM "users" WHERE "users"."session_token" IS NULL LIMIT $1[0m  [["LIMIT", 1]]
  ↳ app/controllers/application_controller.rb:7
Redirected to http://localhost:3000/session/new
Filter chain halted as :ensure_logged_in! rendered or redirected
Completed 302 Found in 19ms (ActiveRecord: 3.4ms)


Started GET "/session/new" for ::1 at 2021-04-12 15:45:54 -0400
Processing by SessionsController#new as */*
  Rendering sessions/new.html.erb within layouts/application
  Rendered sessions/new.html.erb within layouts/application (1.4ms)
Completed 200 OK in 210ms (Views: 209.6ms | ActiveRecord: 0.0ms)


Started GET "/users" for ::1 at 2021-04-12 16:00:40 -0400
Processing by UsersController#index as */*
  Parameters: {"artwork_share"=>{"viewer_id"=>"6"}}
  [1m[36mUser Load (0.6ms)[0m  [1m[34mSELECT  "users".* FROM "users" WHERE "users"."session_token" IS NULL LIMIT $1[0m  [["LIMIT", 1]]
  ↳ app/controllers/application_controller.rb:7
Redirected to http://localhost:3000/session/new
Filter chain halted as :ensure_logged_in! rendered or redirected
Completed 302 Found in 3ms (ActiveRecord: 0.8ms)


Started GET "/session/new" for ::1 at 2021-04-12 16:00:40 -0400
Processing by SessionsController#new as */*
  Rendering sessions/new.html.erb within layouts/application
  Rendered sessions/new.html.erb within layouts/application (0.3ms)
Completed 200 OK in 83ms (Views: 82.1ms | ActiveRecord: 0.0ms)


Started GET "/users" for ::1 at 2021-04-12 16:02:09 -0400
Processing by UsersController#index as */*
  Parameters: {"artwork_share"=>{"viewer_id"=>"6"}}
  [1m[36mUser Load (0.4ms)[0m  [1m[34mSELECT  "users".* FROM "users" WHERE "users"."session_token" IS NULL LIMIT $1[0m  [["LIMIT", 1]]
  ↳ app/controllers/application_controller.rb:7
Redirected to http://localhost:3000/session/new
Filter chain halted as :ensure_logged_in! rendered or redirected
Completed 302 Found in 14ms (ActiveRecord: 6.9ms)


Started GET "/session/new" for ::1 at 2021-04-12 16:02:09 -0400
Processing by SessionsController#new as */*
  Rendering sessions/new.html.erb within layouts/application
  Rendered sessions/new.html.erb within layouts/application (0.3ms)
Completed 200 OK in 72ms (Views: 71.4ms | ActiveRecord: 0.0ms)


Started GET "/users" for ::1 at 2021-04-12 16:03:16 -0400
Processing by UsersController#index as */*
  Parameters: {"artwork_share"=>{"viewer_id"=>"6"}}
  Rendering users/index.html.erb within layouts/application
  [1m[36mUser Load (1.8ms)[0m  [1m[34mSELECT "users".* FROM "users"[0m
  ↳ app/views/users/index.html.erb:5
  Rendered users/index.html.erb within layouts/application (34.6ms)
Completed 200 OK in 9492ms (Views: 137.4ms | ActiveRecord: 17.7ms)


Started GET "/session/new" for ::1 at 2021-04-12 16:04:17 -0400
Processing by SessionsController#new as HTML
  Rendering sessions/new.html.erb within layouts/application
  Rendered sessions/new.html.erb within layouts/application (0.3ms)
Completed 200 OK in 27ms (Views: 26.1ms | ActiveRecord: 0.0ms)


Started GET "/users" for ::1 at 2021-04-12 16:04:54 -0400
Processing by UsersController#index as HTML
Started GET "/users" for ::1 at 2021-04-12 16:05:08 -0400
  Rendering users/index.html.erb within layouts/application
  [1m[36mUser Load (0.9ms)[0m  [1m[34mSELECT "users".* FROM "users"[0m
  ↳ app/views/users/index.html.erb:5
  Rendered users/index.html.erb within layouts/application (2.8ms)
Processing by UsersController#index as HTML
  Rendering users/index.html.erb within layouts/application
  [1m[36mUser Load (2.1ms)[0m  [1m[34mSELECT "users".* FROM "users"[0m
  ↳ app/views/users/index.html.erb:5
  Rendered users/index.html.erb within layouts/application (6.0ms)
Completed 200 OK in 21511ms (Views: 7375.4ms | ActiveRecord: 0.9ms)


Completed 200 OK in 7368ms (Views: 68.3ms | ActiveRecord: 2.1ms)


Started GET "/users" for ::1 at 2021-04-12 16:22:31 -0400
Processing by UsersController#index as HTML
  Rendering users/index.html.erb within layouts/application
  [1m[36mUser Load (0.9ms)[0m  [1m[34mSELECT "users".* FROM "users"[0m
  ↳ app/views/users/index.html.erb:5
  Rendered users/index.html.erb within layouts/application (13.3ms)
Completed 200 OK in 41ms (Views: 27.1ms | ActiveRecord: 9.1ms)


Started POST "/users" for ::1 at 2021-04-12 16:22:51 -0400
Processing by UsersController#create as */*
  Parameters: {"artwork_share"=>{"viewer_id"=>"6"}}
Can't verify CSRF token authenticity.
Completed 422 Unprocessable Entity in 1ms (ActiveRecord: 0.0ms)



ActionController::InvalidAuthenticityToken - ActionController::InvalidAuthenticityToken:

Started POST "/users" for ::1 at 2021-04-12 16:23:26 -0400
Processing by UsersController#create as */*
  Parameters: {"artwork_share"=>{"viewer_id"=>"6"}}
Can't verify CSRF token authenticity.
Completed 422 Unprocessable Entity in 1ms (ActiveRecord: 0.0ms)



ActionController::InvalidAuthenticityToken - ActionController::InvalidAuthenticityToken:

Started POST "/users" for ::1 at 2021-04-12 16:28:09 -0400
Processing by UsersController#create as */*
  Parameters: {"artwork_share"=>{"viewer_id"=>"6"}}
Can't verify CSRF token authenticity.
Completed 422 Unprocessable Entity in 1ms (ActiveRecord: 0.0ms)



ActionController::InvalidAuthenticityToken - ActionController::InvalidAuthenticityToken:

Started POST "/users" for ::1 at 2021-04-12 16:29:09 -0400
Processing by UsersController#create as */*
  Parameters: {"artwork_share"=>{"viewer_id"=>"6"}}
Can't verify CSRF token authenticity.
Completed 422 Unprocessable Entity in 1ms (ActiveRecord: 0.0ms)



ActionController::InvalidAuthenticityToken - ActionController::InvalidAuthenticityToken:

Started GET "/users" for ::1 at 2021-04-12 16:29:15 -0400
Processing by UsersController#index as HTML
  Rendering users/index.html.erb within layouts/application
  [1m[36mUser Load (0.3ms)[0m  [1m[34mSELECT "users".* FROM "users"[0m
  ↳ app/views/users/index.html.erb:5
  Rendered users/index.html.erb within layouts/application (1.5ms)
Completed 200 OK in 21ms (Views: 20.4ms | ActiveRecord: 0.3ms)


  [1m[35m (0.2ms)[0m  [1m[35mBEGIN[0m
  [1m[36mUser Exists (1.1ms)[0m  [1m[34mSELECT  1 AS one FROM "users" WHERE "users"."username" = $1 LIMIT $2[0m  [["username", "app"], ["LIMIT", 1]]
  [1m[36mUser Exists (0.3ms)[0m  [1m[34mSELECT  1 AS one FROM "users" WHERE "users"."session_token" = $1 LIMIT $2[0m  [["session_token", "XT15yFb-tWxepYfciv4SLNVN8OCi4J3krGnxmRYcwOjtTZ-J_gKjAtR9TnLBTeDmDPhlDD1CQ0335G-B9fyzog"], ["LIMIT", 1]]
  [1m[36mUser Create (0.5ms)[0m  [1m[32mINSERT INTO "users" ("username", "session_token", "password_digest") VALUES ($1, $2, $3) RETURNING "id"[0m  [["username", "app"], ["session_token", "XT15yFb-tWxepYfciv4SLNVN8OCi4J3krGnxmRYcwOjtTZ-J_gKjAtR9TnLBTeDmDPhlDD1CQ0335G-B9fyzog"], ["password_digest", "$2a$12$44WSdnE7IN6e3E4jq3mpAeRrOEyAf4UBRbCYEpS.ySVnVradvbGJG"]]
  [1m[35m (5.2ms)[0m  [1m[35mCOMMIT[0m
Started GET "/users" for ::1 at 2021-04-12 16:39:42 -0400
Processing by UsersController#index as HTML
  Rendering users/index.html.erb within layouts/application
  [1m[36mUser Load (0.9ms)[0m  [1m[34mSELECT "users".* FROM "users"[0m
  ↳ app/views/users/index.html.erb:5
  Rendered users/index.html.erb within layouts/application (2.2ms)
Completed 200 OK in 32ms (Views: 31.0ms | ActiveRecord: 0.9ms)


Started GET "/users/new" for ::1 at 2021-04-12 16:39:54 -0400
Processing by UsersController#new as HTML
  Rendering users/new.html.erb within layouts/application
  Rendered users/new.html.erb within layouts/application (340.2ms)
Completed 500 Internal Server Error in 348ms (ActiveRecord: 0.0ms)



NameError - undefined local variable or method `user' for #<#<Class:0x00007ffdda6fb1e0>:0x00007ffdda5ce538>
Did you mean?  @user:
  app/views/users/new.html.erb:7:in `_app_views_users_new_html_erb___35415477571195398_70364133484520'
  app/controllers/users_controller.rb:16:in `new'

Started POST "/__better_errors/3bb09cb6caa05bc4/variables" for ::1 at 2021-04-12 16:39:55 -0400
Started GET "/users/new" for ::1 at 2021-04-12 16:41:07 -0400
Processing by UsersController#new as HTML
  Rendering users/new.html.erb within layouts/application
  Rendered users/new.html.erb within layouts/application (0.7ms)
Completed 200 OK in 27ms (Views: 26.3ms | ActiveRecord: 0.0ms)


Started GET "/users/new" for ::1 at 2021-04-12 16:43:31 -0400
Processing by UsersController#new as HTML
  Rendering users/new.html.erb within layouts/application
  Rendered users/new.html.erb within layouts/application (0.8ms)
Completed 200 OK in 29ms (Views: 28.5ms | ActiveRecord: 0.0ms)


Started POST "/users" for ::1 at 2021-04-12 16:44:01 -0400
Processing by UsersController#create as HTML
  Parameters: {"authenticty_token"=>"g5qkEGy1wY8Pwx_SFjWfCHZ2hyxnHe8X5FOW8SvxvtbGLUHn30L389rlp-_OtA8_QG5d-EovUudfC3rxq54HtA", "user"=>{"username"=>"apple", "password"=>"[FILTERED]"}}
Can't verify CSRF token authenticity.
Completed 422 Unprocessable Entity in 1ms (ActiveRecord: 0.0ms)



ActionController::InvalidAuthenticityToken - ActionController::InvalidAuthenticityToken:

Started POST "/__better_errors/93b050d5c4b768d4/variables" for ::1 at 2021-04-12 16:44:01 -0400
Started POST "/users" for ::1 at 2021-04-12 16:45:34 -0400
Processing by UsersController#create as HTML
  Parameters: {"authenticty_token"=>"g5qkEGy1wY8Pwx_SFjWfCHZ2hyxnHe8X5FOW8SvxvtbGLUHn30L389rlp-_OtA8_QG5d-EovUudfC3rxq54HtA", "user"=>{"username"=>"apple", "password"=>"[FILTERED]"}}
Can't verify CSRF token authenticity.
Completed 422 Unprocessable Entity in 1ms (ActiveRecord: 0.0ms)



ActionController::InvalidAuthenticityToken - ActionController::InvalidAuthenticityToken:

Started POST "/__better_errors/626824e1bbf15d97/variables" for ::1 at 2021-04-12 16:45:34 -0400
Started POST "/users" for ::1 at 2021-04-12 16:45:42 -0400
Processing by UsersController#create as HTML
  Parameters: {"authenticty_token"=>"g5qkEGy1wY8Pwx_SFjWfCHZ2hyxnHe8X5FOW8SvxvtbGLUHn30L389rlp-_OtA8_QG5d-EovUudfC3rxq54HtA", "user"=>{"username"=>"apple", "password"=>"[FILTERED]"}}
Can't verify CSRF token authenticity.
Completed 422 Unprocessable Entity in 1ms (ActiveRecord: 0.0ms)



ActionController::InvalidAuthenticityToken - ActionController::InvalidAuthenticityToken:

Started POST "/__better_errors/ac71abb09b401e7d/variables" for ::1 at 2021-04-12 16:45:42 -0400
Started GET "/users" for ::1 at 2021-04-12 16:48:04 -0400
Processing by UsersController#index as */*
  Parameters: {"artwork_share"=>{"viewer_id"=>"6"}}
  [1m[36mUser Load (0.2ms)[0m  [1m[34mSELECT  "users".* FROM "users" WHERE "users"."session_token" IS NULL LIMIT $1[0m  [["LIMIT", 1]]
  ↳ app/controllers/application_controller.rb:7
Redirected to http://localhost:3000/session/new
Filter chain halted as :ensure_logged_in! rendered or redirected
Completed 302 Found in 14ms (ActiveRecord: 5.1ms)


Started GET "/session/new" for ::1 at 2021-04-12 16:48:04 -0400
Processing by SessionsController#new as */*
  Rendering sessions/new.html.erb within layouts/application
  Rendered sessions/new.html.erb within layouts/application (0.3ms)
Completed 200 OK in 97ms (Views: 95.9ms | ActiveRecord: 0.0ms)


Started GET "/users/new" for ::1 at 2021-04-12 16:50:29 -0400
Processing by UsersController#new as HTML
  Rendering users/new.html.erb within layouts/application
  Rendered users/new.html.erb within layouts/application (0.9ms)
Completed 200 OK in 27711ms (Views: 36.8ms | ActiveRecord: 16.5ms)


Started POST "/users" for ::1 at 2021-04-12 16:51:18 -0400
Processing by UsersController#create as HTML
  Parameters: {"authenticty_token"=>"Ruk7qN0pnZ-mz0zsS9PjtONODymwJBHUnyVfm5mJczQDXt5fbt6r43Pp9NGTUnOD1VbV_Z0WrCQkfbObGebKVg ", "user"=>{"username"=>"apple", "password"=>"[FILTERED]"}}
Can't verify CSRF token authenticity.
Completed 422 Unprocessable Entity in 1ms (ActiveRecord: 0.0ms)



ActionController::InvalidAuthenticityToken - ActionController::InvalidAuthenticityToken:

Started POST "/__better_errors/6d73fbd6114780c1/variables" for ::1 at 2021-04-12 16:51:18 -0400
Started POST "/users" for ::1 at 2021-04-12 16:57:25 -0400
Processing by UsersController#create as HTML
  Parameters: {"authenticty_token"=>"Ruk7qN0pnZ-mz0zsS9PjtONODymwJBHUnyVfm5mJczQDXt5fbt6r43Pp9NGTUnOD1VbV_Z0WrCQkfbObGebKVg ", "user"=>{"username"=>"apple", "password"=>"[FILTERED]"}}
Can't verify CSRF token authenticity.
Completed 422 Unprocessable Entity in 1ms (ActiveRecord: 0.0ms)



ActionController::InvalidAuthenticityToken - ActionController::InvalidAuthenticityToken:

Started POST "/__better_errors/63eb0e61141fe3a2/variables" for ::1 at 2021-04-12 16:57:26 -0400
Started POST "/users" for ::1 at 2021-04-12 16:57:40 -0400
Processing by UsersController#create as HTML
  Parameters: {"authenticty_token"=>"Ruk7qN0pnZ-mz0zsS9PjtONODymwJBHUnyVfm5mJczQDXt5fbt6r43Pp9NGTUnOD1VbV_Z0WrCQkfbObGebKVg ", "user"=>{"username"=>"apple", "password"=>"[FILTERED]"}}
Can't verify CSRF token authenticity.
Completed 422 Unprocessable Entity in 1ms (ActiveRecord: 0.0ms)



ActionController::InvalidAuthenticityToken - ActionController::InvalidAuthenticityToken:

Started POST "/__better_errors/f8fd6f2ce1251ab0/variables" for ::1 at 2021-04-12 16:57:40 -0400
Started GET "/users/new" for ::1 at 2021-04-12 17:00:42 -0400
Processing by UsersController#new as HTML
  Rendering users/new.html.erb within layouts/application
  Rendered users/new.html.erb within layouts/application (0.7ms)
Completed 200 OK in 8677ms (Views: 37.2ms | ActiveRecord: 13.2ms)


Started POST "/users" for ::1 at 2021-04-12 17:01:08 -0400
Processing by UsersController#create as HTML
  Parameters: {"authenticty_token"=>"ETvTOnieieMRfjTFg3nts1IuemPM87e_k2CHRN-c7VdUjDbNy2m_n8RYjPhb-H2EZDagt-HBCk8oOGtEX_NUNQ ", "user"=>{"username"=>"apple", "password"=>"[FILTERED]"}}
Can't verify CSRF token authenticity.
Completed 422 Unprocessable Entity in 1ms (ActiveRecord: 0.0ms)



ActionController::InvalidAuthenticityToken - ActionController::InvalidAuthenticityToken:

Started POST "/__better_errors/f7371e2d4889d042/variables" for ::1 at 2021-04-12 17:01:08 -0400
Started POST "/users" for ::1 at 2021-04-12 17:09:17 -0400
Processing by UsersController#create as HTML
  Parameters: {"authenticty_token"=>"ETvTOnieieMRfjTFg3nts1IuemPM87e_k2CHRN-c7VdUjDbNy2m_n8RYjPhb-H2EZDagt-HBCk8oOGtEX_NUNQ ", "user"=>{"username"=>"apple", "password"=>"[FILTERED]"}}
Can't verify CSRF token authenticity.
Completed 422 Unprocessable Entity in 2ms (ActiveRecord: 0.0ms)



ActionController::InvalidAuthenticityToken - ActionController::InvalidAuthenticityToken:

Started POST "/__better_errors/017533c8f4220510/variables" for ::1 at 2021-04-12 17:09:18 -0400
Started GET "/users/new" for ::1 at 2021-04-12 17:09:23 -0400
Processing by UsersController#new as HTML
  Rendering users/new.html.erb within layouts/application
  Rendered users/new.html.erb within layouts/application (0.9ms)
Completed 200 OK in 71ms (Views: 49.1ms | ActiveRecord: 12.3ms)


Started POST "/users" for ::1 at 2021-04-12 17:09:31 -0400
Processing by UsersController#create as HTML
  Parameters: {"authenticty_token"=>"EUqA9bsIZWqzFtYPYA7koVkrwf3kP-mfmRZ37y_A21xU_WUCCP9TFmYwbjK4j3SWbzMbKckNVG8iTpvvr69iPg ", "user"=>{"username"=>"apple", "password"=>"[FILTERED]"}}
Can't verify CSRF token authenticity.
Completed 422 Unprocessable Entity in 1ms (ActiveRecord: 0.0ms)



ActionController::InvalidAuthenticityToken - ActionController::InvalidAuthenticityToken:

Started POST "/__better_errors/c7f55c9da8eea1c1/variables" for ::1 at 2021-04-12 17:09:31 -0400
Started POST "/users" for ::1 at 2021-04-12 17:12:21 -0400
Processing by UsersController#create as HTML
  Parameters: {"authenticty_token"=>"EUqA9bsIZWqzFtYPYA7koVkrwf3kP-mfmRZ37y_A21xU_WUCCP9TFmYwbjK4j3SWbzMbKckNVG8iTpvvr69iPg ", "user"=>{"username"=>"orange", "password"=>"[FILTERED]"}}
Can't verify CSRF token authenticity.
Completed 422 Unprocessable Entity in 1ms (ActiveRecord: 0.0ms)



ActionController::InvalidAuthenticityToken - ActionController::InvalidAuthenticityToken:

Started POST "/__better_errors/5542f742765edeff/variables" for ::1 at 2021-04-12 17:12:21 -0400
Started POST "/users" for ::1 at 2021-04-12 17:18:28 -0400
Processing by UsersController#create as HTML
  Parameters: {"authenticty_token"=>"EUqA9bsIZWqzFtYPYA7koVkrwf3kP-mfmRZ37y_A21xU_WUCCP9TFmYwbjK4j3SWbzMbKckNVG8iTpvvr69iPg ", "user"=>{"username"=>"orange", "password"=>"[FILTERED]"}}
Can't verify CSRF token authenticity.
Completed 422 Unprocessable Entity in 1ms (ActiveRecord: 0.0ms)



ActionController::InvalidAuthenticityToken - ActionController::InvalidAuthenticityToken:

Started POST "/__better_errors/a0f14b3bf7841df5/variables" for ::1 at 2021-04-12 17:18:28 -0400
Started GET "/users/new" for ::1 at 2021-04-12 17:23:17 -0400
Processing by UsersController#new as */*
  Parameters: {"artwork_share"=>{"viewer_id"=>"6"}}
  Rendering users/new.html.erb within layouts/application
  Rendered users/new.html.erb within layouts/application (52522.8ms)
Completed 200 OK in 52642ms (Views: 52598.9ms | ActiveRecord: 23.3ms)


Started POST "/users" for ::1 at 2021-04-12 17:24:55 -0400
Processing by UsersController#create as */*
  Parameters: {"artwork_share"=>{"viewer_id"=>"6"}}
Can't verify CSRF token authenticity.
Completed 422 Unprocessable Entity in 1ms (ActiveRecord: 0.0ms)



ActionController::InvalidAuthenticityToken - ActionController::InvalidAuthenticityToken:

Started POST "/users" for ::1 at 2021-04-12 17:25:47 -0400
Processing by UsersController#create as */*
  Parameters: {"artwork_share"=>{"viewer_id"=>"6"}}
Completed 400 Bad Request in 8ms (ActiveRecord: 0.0ms)



ActionController::ParameterMissing - param is missing or the value is empty: user:
  app/controllers/users_controller.rb:59:in `user_params'
  app/controllers/users_controller.rb:22:in `create'

Started POST "/users" for ::1 at 2021-04-12 17:25:48 -0400
Processing by UsersController#create as */*
  Parameters: {"artwork_share"=>{"viewer_id"=>"6"}}
Completed 400 Bad Request in 1ms (ActiveRecord: 0.0ms)



ActionController::ParameterMissing - param is missing or the value is empty: user:
  app/controllers/users_controller.rb:59:in `user_params'
  app/controllers/users_controller.rb:22:in `create'

Started POST "/users" for ::1 at 2021-04-12 17:25:49 -0400
Processing by UsersController#create as */*
  Parameters: {"artwork_share"=>{"viewer_id"=>"6"}}
Completed 400 Bad Request in 1ms (ActiveRecord: 0.0ms)



ActionController::ParameterMissing - param is missing or the value is empty: user:
  app/controllers/users_controller.rb:59:in `user_params'
  app/controllers/users_controller.rb:22:in `create'

Started POST "/users" for ::1 at 2021-04-12 17:25:49 -0400
Processing by UsersController#create as */*
  Parameters: {"artwork_share"=>{"viewer_id"=>"6"}}
Completed 400 Bad Request in 1ms (ActiveRecord: 0.0ms)



ActionController::ParameterMissing - param is missing or the value is empty: user:
  app/controllers/users_controller.rb:59:in `user_params'
  app/controllers/users_controller.rb:22:in `create'

Started POST "/users" for ::1 at 2021-04-12 17:25:50 -0400
Processing by UsersController#create as */*
  Parameters: {"artwork_share"=>{"viewer_id"=>"6"}}
Completed 400 Bad Request in 1ms (ActiveRecord: 0.0ms)



ActionController::ParameterMissing - param is missing or the value is empty: user:
  app/controllers/users_controller.rb:59:in `user_params'
  app/controllers/users_controller.rb:22:in `create'

Started POST "/users" for ::1 at 2021-04-12 17:25:50 -0400
Processing by UsersController#create as */*
  Parameters: {"artwork_share"=>{"viewer_id"=>"6"}}
Completed 400 Bad Request in 1ms (ActiveRecord: 0.0ms)



ActionController::ParameterMissing - param is missing or the value is empty: user:
  app/controllers/users_controller.rb:59:in `user_params'
  app/controllers/users_controller.rb:22:in `create'

